# JRE version: OpenJDK Runtime Environment Temurin-21.0.9+10 (21.0.9+10) (build 21.0.9+10-LTS)
# Java VM: OpenJDK 64-Bit Server VM Temurin-21.0.9+10 (21.0.9+10-LTS, mixed mode, sharing, tiered, compressed oops, compressed class ptrs, parallel gc, windows-amd64)
GC Precious Log:
 CardTable entry size: 512
 CPUs: 12 total, 12 available
 Memory: 16078M
 Large Page Support: Disabled
 NUMA Support: Disabled
 Compressed Oops: Enabled (32-bit)
 Alignments: Space 512K, Generation 512K, Heap 2M
 Heap Min Capacity: 100M
 Heap Initial Capacity: 100M
 Heap Max Capacity: 2G
 Pre-touch: Disabled
 Parallel Workers: 10
Heap:
 PSYoungGen      total 2560K, used 2379K [0x00000000d5580000, 0x00000000d5a80000, 0x0000000100000000)
  eden space 2048K, 92% used [0x00000000d5580000,0x00000000d575ad08,0x00000000d5780000)
  from space 512K, 93% used [0x00000000d5880000,0x00000000d58f8010,0x00000000d5900000)
  to   space 1536K, 0% used [0x00000000d5900000,0x00000000d5900000,0x00000000d5a80000)
 ParOldGen       total 955904K, used 955655K [0x0000000080000000, 0x00000000ba580000, 0x00000000d5580000)
  object space 955904K, 99% used [0x0000000080000000,0x00000000ba541cd8,0x00000000ba580000)
 Metaspace       used 68520K, committed 70080K, reserved 1114112K
  class space    used 7204K, committed 7936K, reserved 1048576K
GC Heap History (20 events):
Event: 134.657 GC heap before
{Heap before GC invocations=1821 (full 3):
 PSYoungGen      total 2560K, used 2402K [0x00000000d5580000, 0x00000000d5980000, 0x0000000100000000)
  eden space 2048K, 94% used [0x00000000d5580000,0x00000000d57654b8,0x00000000d5780000)
  from space 512K, 90% used [0x00000000d5880000,0x00000000d58f3708,0x00000000d5900000)
  to   space 512K, 0% used [0x00000000d5900000,0x00000000d5900000,0x00000000d5980000)
 ParOldGen       total 954368K, used 954191K [0x0000000080000000, 0x00000000ba400000, 0x00000000d5580000)
  object space 954368K, 99% used [0x0000000080000000,0x00000000ba3d3f40,0x00000000ba400000)
 Metaspace       used 68321K, committed 69888K, reserved 1114112K
  class space    used 7192K, committed 7872K, reserved 1048576K
}
Event: 134.660 GC heap after
{Heap after GC invocations=1821 (full 3):
 PSYoungGen      total 2560K, used 128K [0x00000000d5580000, 0x00000000d5980000, 0x0000000100000000)
  eden space 2048K, 0% used [0x00000000d5580000,0x00000000d5580000,0x00000000d5780000)
  from space 512K, 25% used [0x00000000d5900000,0x00000000d5920000,0x00000000d5980000)
  to   space 512K, 0% used [0x00000000d5880000,0x00000000d5880000,0x00000000d5900000)
 ParOldGen       total 954880K, used 954448K [0x0000000080000000, 0x00000000ba480000, 0x00000000d5580000)
  object space 954880K, 99% used [0x0000000080000000,0x00000000ba4141b0,0x00000000ba480000)
 Metaspace       used 68321K, committed 69888K, reserved 1114112K
  class space    used 7192K, committed 7872K, reserved 1048576K
}
Event: 134.680 GC heap before
{Heap before GC invocations=1822 (full 3):
 PSYoungGen      total 2560K, used 2171K [0x00000000d5580000, 0x00000000d5980000, 0x0000000100000000)
  eden space 2048K, 99% used [0x00000000d5580000,0x00000000d577ed40,0x00000000d5780000)
  from space 512K, 25% used [0x00000000d5900000,0x00000000d5920000,0x00000000d5980000)
  to   space 512K, 0% used [0x00000000d5880000,0x00000000d5880000,0x00000000d5900000)
 ParOldGen       total 954880K, used 954448K [0x0000000080000000, 0x00000000ba480000, 0x00000000d5580000)
  object space 954880K, 99% used [0x0000000080000000,0x00000000ba4141b0,0x00000000ba480000)
 Metaspace       used 68321K, committed 69888K, reserved 1114112K
  class space    used 7192K, committed 7872K, reserved 1048576K
}
Event: 134.682 GC heap after
{Heap after GC invocations=1822 (full 3):
 PSYoungGen      total 2560K, used 160K [0x00000000d5580000, 0x00000000d5980000, 0x0000000100000000)
  eden space 2048K, 0% used [0x00000000d5580000,0x00000000d5580000,0x00000000d5780000)
  from space 512K, 31% used [0x00000000d5880000,0x00000000d58a8000,0x00000000d5900000)
  to   space 512K, 0% used [0x00000000d5900000,0x00000000d5900000,0x00000000d5980000)
 ParOldGen       total 954880K, used 954472K [0x0000000080000000, 0x00000000ba480000, 0x00000000d5580000)
  object space 954880K, 99% used [0x0000000080000000,0x00000000ba41a1b0,0x00000000ba480000)
 Metaspace       used 68321K, committed 69888K, reserved 1114112K
  class space    used 7192K, committed 7872K, reserved 1048576K
}
Event: 134.695 GC heap before
{Heap before GC invocations=1823 (full 3):
 PSYoungGen      total 2560K, used 2208K [0x00000000d5580000, 0x00000000d5980000, 0x0000000100000000)
  eden space 2048K, 100% used [0x00000000d5580000,0x00000000d5780000,0x00000000d5780000)
  from space 512K, 31% used [0x00000000d5880000,0x00000000d58a8000,0x00000000d5900000)
  to   space 512K, 0% used [0x00000000d5900000,0x00000000d5900000,0x00000000d5980000)
 ParOldGen       total 954880K, used 954472K [0x0000000080000000, 0x00000000ba480000, 0x00000000d5580000)
  object space 954880K, 99% used [0x0000000080000000,0x00000000ba41a1b0,0x00000000ba480000)
 Metaspace       used 68321K, committed 69888K, reserved 1114112K
  class space    used 7192K, committed 7872K, reserved 1048576K
}
Event: 134.698 GC heap after
{Heap after GC invocations=1823 (full 3):
 PSYoungGen      total 2560K, used 481K [0x00000000d5580000, 0x00000000d5980000, 0x0000000100000000)
  eden space 2048K, 0% used [0x00000000d5580000,0x00000000d5580000,0x00000000d5780000)
  from space 512K, 94% used [0x00000000d5900000,0x00000000d5978668,0x00000000d5980000)
  to   space 1024K, 0% used [0x00000000d5780000,0x00000000d5780000,0x00000000d5880000)
 ParOldGen       total 954880K, used 954696K [0x0000000080000000, 0x00000000ba480000, 0x00000000d5580000)
  object space 954880K, 99% used [0x0000000080000000,0x00000000ba4521b0,0x00000000ba480000)
 Metaspace       used 68321K, committed 69888K, reserved 1114112K
  class space    used 7192K, committed 7872K, reserved 1048576K
}
Event: 134.715 GC heap before
{Heap before GC invocations=1824 (full 3):
 PSYoungGen      total 2560K, used 2529K [0x00000000d5580000, 0x00000000d5980000, 0x0000000100000000)
  eden space 2048K, 100% used [0x00000000d5580000,0x00000000d5780000,0x00000000d5780000)
  from space 512K, 94% used [0x00000000d5900000,0x00000000d5978668,0x00000000d5980000)
  to   space 1024K, 0% used [0x00000000d5780000,0x00000000d5780000,0x00000000d5880000)
 ParOldGen       total 954880K, used 954696K [0x0000000080000000, 0x00000000ba480000, 0x00000000d5580000)
  object space 954880K, 99% used [0x0000000080000000,0x00000000ba4521b0,0x00000000ba480000)
 Metaspace       used 68321K, committed 69888K, reserved 1114112K
  class space    used 7192K, committed 7872K, reserved 1048576K
}
Event: 134.717 GC heap after
{Heap after GC invocations=1824 (full 3):
 PSYoungGen      total 3072K, used 288K [0x00000000d5580000, 0x00000000d5980000, 0x0000000100000000)
  eden space 2048K, 0% used [0x00000000d5580000,0x00000000d5580000,0x00000000d5780000)
  from space 1024K, 28% used [0x00000000d5780000,0x00000000d57c8000,0x00000000d5880000)
  to   space 512K, 0% used [0x00000000d5900000,0x00000000d5900000,0x00000000d5980000)
 ParOldGen       total 954880K, used 954760K [0x0000000080000000, 0x00000000ba480000, 0x00000000d5580000)
  object space 954880K, 99% used [0x0000000080000000,0x00000000ba4621b0,0x00000000ba480000)
 Metaspace       used 68321K, committed 69888K, reserved 1114112K
  class space    used 7192K, committed 7872K, reserved 1048576K
}
Event: 134.967 GC heap before
{Heap before GC invocations=1825 (full 3):
 PSYoungGen      total 3072K, used 2334K [0x00000000d5580000, 0x00000000d5980000, 0x0000000100000000)
  eden space 2048K, 99% used [0x00000000d5580000,0x00000000d577f9b0,0x00000000d5780000)
  from space 1024K, 28% used [0x00000000d5780000,0x00000000d57c8000,0x00000000d5880000)
  to   space 512K, 0% used [0x00000000d5900000,0x00000000d5900000,0x00000000d5980000)
 ParOldGen       total 954880K, used 954760K [0x0000000080000000, 0x00000000ba480000, 0x00000000d5580000)
  object space 954880K, 99% used [0x0000000080000000,0x00000000ba4621b0,0x00000000ba480000)
 Metaspace       used 68351K, committed 69952K, reserved 1114112K
  class space    used 7194K, committed 7872K, reserved 1048576K
}
Event: 134.970 GC heap after
{Heap after GC invocations=1825 (full 3):
 PSYoungGen      total 2560K, used 254K [0x00000000d5580000, 0x00000000d5980000, 0x0000000100000000)
  eden space 2048K, 0% used [0x00000000d5580000,0x00000000d5580000,0x00000000d5780000)
  from space 512K, 49% used [0x00000000d5900000,0x00000000d593fb18,0x00000000d5980000)
  to   space 512K, 0% used [0x00000000d5880000,0x00000000d5880000,0x00000000d5900000)
 ParOldGen       total 954880K, used 954848K [0x0000000080000000, 0x00000000ba480000, 0x00000000d5580000)
  object space 954880K, 99% used [0x0000000080000000,0x00000000ba4781b0,0x00000000ba480000)
 Metaspace       used 68351K, committed 69952K, reserved 1114112K
  class space    used 7194K, committed 7872K, reserved 1048576K
}
Event: 135.330 GC heap before
{Heap before GC invocations=1826 (full 3):
 PSYoungGen      total 2560K, used 2302K [0x00000000d5580000, 0x00000000d5980000, 0x0000000100000000)
  eden space 2048K, 100% used [0x00000000d5580000,0x00000000d5780000,0x00000000d5780000)
  from space 512K, 49% used [0x00000000d5900000,0x00000000d593fb18,0x00000000d5980000)
  to   space 512K, 0% used [0x00000000d5880000,0x00000000d5880000,0x00000000d5900000)
 ParOldGen       total 954880K, used 954848K [0x0000000080000000, 0x00000000ba480000, 0x00000000d5580000)
  object space 954880K, 99% used [0x0000000080000000,0x00000000ba4781b0,0x00000000ba480000)
 Metaspace       used 68362K, committed 69952K, reserved 1114112K
  class space    used 7194K, committed 7872K, reserved 1048576K
}
Event: 135.333 GC heap after
{Heap after GC invocations=1826 (full 3):
 PSYoungGen      total 2560K, used 492K [0x00000000d5580000, 0x00000000d5980000, 0x0000000100000000)
  eden space 2048K, 0% used [0x00000000d5580000,0x00000000d5580000,0x00000000d5780000)
  from space 512K, 96% used [0x00000000d5880000,0x00000000d58fb028,0x00000000d5900000)
  to   space 512K, 0% used [0x00000000d5900000,0x00000000d5900000,0x00000000d5980000)
 ParOldGen       total 955392K, used 954951K [0x0000000080000000, 0x00000000ba500000, 0x00000000d5580000)
  object space 955392K, 99% used [0x0000000080000000,0x00000000ba491cc8,0x00000000ba500000)
 Metaspace       used 68362K, committed 69952K, reserved 1114112K
  class space    used 7194K, committed 7872K, reserved 1048576K
}
Event: 135.590 GC heap before
{Heap before GC invocations=1827 (full 3):
 PSYoungGen      total 2560K, used 2540K [0x00000000d5580000, 0x00000000d5980000, 0x0000000100000000)
  eden space 2048K, 100% used [0x00000000d5580000,0x00000000d5780000,0x00000000d5780000)
  from space 512K, 96% used [0x00000000d5880000,0x00000000d58fb028,0x00000000d5900000)
  to   space 512K, 0% used [0x00000000d5900000,0x00000000d5900000,0x00000000d5980000)
 ParOldGen       total 955392K, used 954951K [0x0000000080000000, 0x00000000ba500000, 0x00000000d5580000)
  object space 955392K, 99% used [0x0000000080000000,0x00000000ba491cc8,0x00000000ba500000)
 Metaspace       used 68363K, committed 69952K, reserved 1114112K
  class space    used 7194K, committed 7872K, reserved 1048576K
}
Event: 135.593 GC heap after
{Heap after GC invocations=1827 (full 3):
 PSYoungGen      total 2560K, used 256K [0x00000000d5580000, 0x00000000d5980000, 0x0000000100000000)
  eden space 2048K, 0% used [0x00000000d5580000,0x00000000d5580000,0x00000000d5780000)
  from space 512K, 50% used [0x00000000d5900000,0x00000000d5940000,0x00000000d5980000)
  to   space 512K, 0% used [0x00000000d5880000,0x00000000d5880000,0x00000000d5900000)
 ParOldGen       total 955392K, used 955015K [0x0000000080000000, 0x00000000ba500000, 0x00000000d5580000)
  object space 955392K, 99% used [0x0000000080000000,0x00000000ba4a1cc8,0x00000000ba500000)
 Metaspace       used 68363K, committed 69952K, reserved 1114112K
  class space    used 7194K, committed 7872K, reserved 1048576K
}
Event: 135.763 GC heap before
{Heap before GC invocations=1828 (full 3):
 PSYoungGen      total 2560K, used 2303K [0x00000000d5580000, 0x00000000d5980000, 0x0000000100000000)
  eden space 2048K, 99% used [0x00000000d5580000,0x00000000d577fff8,0x00000000d5780000)
  from space 512K, 50% used [0x00000000d5900000,0x00000000d5940000,0x00000000d5980000)
  to   space 512K, 0% used [0x00000000d5880000,0x00000000d5880000,0x00000000d5900000)
 ParOldGen       total 955392K, used 955015K [0x0000000080000000, 0x00000000ba500000, 0x00000000d5580000)
  object space 955392K, 99% used [0x0000000080000000,0x00000000ba4a1cc8,0x00000000ba500000)
 Metaspace       used 68391K, committed 69952K, reserved 1114112K
  class space    used 7195K, committed 7872K, reserved 1048576K
}
Event: 135.766 GC heap after
{Heap after GC invocations=1828 (full 3):
 PSYoungGen      total 2560K, used 320K [0x00000000d5580000, 0x00000000d5980000, 0x0000000100000000)
  eden space 2048K, 0% used [0x00000000d5580000,0x00000000d5580000,0x00000000d5780000)
  from space 512K, 62% used [0x00000000d5880000,0x00000000d58d0000,0x00000000d5900000)
  to   space 512K, 0% used [0x00000000d5900000,0x00000000d5900000,0x00000000d5980000)
 ParOldGen       total 955392K, used 955047K [0x0000000080000000, 0x00000000ba500000, 0x00000000d5580000)
  object space 955392K, 99% used [0x0000000080000000,0x00000000ba4a9cc8,0x00000000ba500000)
 Metaspace       used 68391K, committed 69952K, reserved 1114112K
  class space    used 7195K, committed 7872K, reserved 1048576K
}
Event: 135.869 GC heap before
{Heap before GC invocations=1829 (full 3):
 PSYoungGen      total 2560K, used 2368K [0x00000000d5580000, 0x00000000d5980000, 0x0000000100000000)
  eden space 2048K, 100% used [0x00000000d5580000,0x00000000d5780000,0x00000000d5780000)
  from space 512K, 62% used [0x00000000d5880000,0x00000000d58d0000,0x00000000d5900000)
  to   space 512K, 0% used [0x00000000d5900000,0x00000000d5900000,0x00000000d5980000)
 ParOldGen       total 955392K, used 955047K [0x0000000080000000, 0x00000000ba500000, 0x00000000d5580000)
  object space 955392K, 99% used [0x0000000080000000,0x00000000ba4a9cc8,0x00000000ba500000)
 Metaspace       used 68420K, committed 70016K, reserved 1114112K
  class space    used 7197K, committed 7872K, reserved 1048576K
}
Event: 135.871 GC heap after
{Heap after GC invocations=1829 (full 3):
 PSYoungGen      total 2560K, used 288K [0x00000000d5580000, 0x00000000d5980000, 0x0000000100000000)
  eden space 2048K, 0% used [0x00000000d5580000,0x00000000d5580000,0x00000000d5780000)
  from space 512K, 56% used [0x00000000d5900000,0x00000000d5948000,0x00000000d5980000)
  to   space 512K, 0% used [0x00000000d5880000,0x00000000d5880000,0x00000000d5900000)
 ParOldGen       total 955392K, used 955183K [0x0000000080000000, 0x00000000ba500000, 0x00000000d5580000)
  object space 955392K, 99% used [0x0000000080000000,0x00000000ba4cbcc8,0x00000000ba500000)
 Metaspace       used 68420K, committed 70016K, reserved 1114112K
  class space    used 7197K, committed 7872K, reserved 1048576K
}
Event: 135.939 GC heap before
{Heap before GC invocations=1830 (full 3):
 PSYoungGen      total 2560K, used 2161K [0x00000000d5580000, 0x00000000d5980000, 0x0000000100000000)
  eden space 2048K, 91% used [0x00000000d5580000,0x00000000d5754418,0x00000000d5780000)
  from space 512K, 56% used [0x00000000d5900000,0x00000000d5948000,0x00000000d5980000)
  to   space 512K, 0% used [0x00000000d5880000,0x00000000d5880000,0x00000000d5900000)
 ParOldGen       total 955392K, used 955183K [0x0000000080000000, 0x00000000ba500000, 0x00000000d5580000)
  object space 955392K, 99% used [0x0000000080000000,0x00000000ba4cbcc8,0x00000000ba500000)
 Metaspace       used 68459K, committed 70080K, reserved 1114112K
  class space    used 7203K, committed 7936K, reserved 1048576K
}
Event: 135.942 GC heap after
{Heap after GC invocations=1830 (full 3):
 PSYoungGen      total 2560K, used 480K [0x00000000d5580000, 0x00000000d5a80000, 0x0000000100000000)
  eden space 2048K, 0% used [0x00000000d5580000,0x00000000d5580000,0x00000000d5780000)
  from space 512K, 93% used [0x00000000d5880000,0x00000000d58f8010,0x00000000d5900000)
  to   space 1536K, 0% used [0x00000000d5900000,0x00000000d5900000,0x00000000d5a80000)
 ParOldGen       total 955904K, used 955655K [0x0000000080000000, 0x00000000ba580000, 0x00000000d5580000)
  object space 955904K, 99% used [0x0000000080000000,0x00000000ba541cd8,0x00000000ba580000)
 Metaspace       used 68459K, committed 70080K, reserved 1114112K
  class space    used 7203K, committed 7936K, reserved 1048576K
}

